<?xml version="1.0" encoding="UTF-8"?>
<testsuite xmlns:xsi="http://www.w3.org/2001/XMLSchema-instance" xsi:noNamespaceSchemaLocation="https://maven.apache.org/surefire/maven-surefire-plugin/xsd/surefire-test-report-3.0.xsd" version="3.0" name="com.example.site_estatico.SiteEstaticoApplicationTests" time="3.223" tests="1" errors="0" skipped="0" failures="0">
  <properties>
[...]
</properties>
  <testcase name="contextLoads" classname="com.example.site_estatico.SiteEstaticoApplicationTests" time="1.002">
    <system-out><![CDATA[23:03:06.120 [main] INFO org.springframework.test.context.support.AnnotationConfigContextLoaderUtils -- Could not detect default configuration classes for test class [com.example.site_estatico.SiteEstaticoApplicationTests]: SiteEstaticoApplicationTests does not declare any static, non-private, non-final, nested classes annotated with @Configuration.
23:03:06.238 [main] INFO org.springframework.boot.test.context.SpringBootTestContextBootstrapper -- Found @SpringBootConfiguration com.example.site_estatico.SiteEstaticoApplication for test class com.example.site_estatico.SiteEstaticoApplicationTests

  .   ____          _            __ _ _
 /\\ / ___'_ __ _ _(_)_ __  __ _ \ \ \ \
( ( )\___ | '_ | '_| | '_ \/ _` | \ \ \ \
 \\/  ___)| |_)| | | | | || (_| |  ) ) ) )
  '  |____| .__|_| |_|_| |_\__, | / / / /
 =========|_|==============|___/=/_/_/_/

 :: Spring Boot ::                (v3.3.2)

2024-08-13T23:03:06.694-03:00  INFO 8584 --- [site-estatico] [           main] c.e.s.SiteEstaticoApplicationTests       : Starting SiteEstaticoApplicationTests using Java 21.0.3 with PID 8584 (started by sxvnz in C:\Users\sxvnz\Downloads\site-estatico\site-estatico)
2024-08-13T23:03:06.696-03:00  INFO 8584 --- [site-estatico] [           main] c.e.s.SiteEstaticoApplicationTests       : No active profile set, falling back to 1 default profile: "default"
2024-08-13T23:03:07.790-03:00  INFO 8584 --- [site-estatico] [           main] o.s.b.a.w.s.WelcomePageHandlerMapping    : Adding welcome page: class path resource [static/index.html]
2024-08-13T23:03:08.118-03:00  INFO 8584 --- [site-estatico] [           main] c.e.s.SiteEstaticoApplicationTests       : Started SiteEstaticoApplicationTests in 1.714 seconds (process running for 2.727)
]]></system-out>
    <system-err><![CDATA[WARNING: A Java agent has been loaded dynamically (C:\Users\sxvnz\.m2\repository\net\bytebuddy\byte-buddy-agent\1.14.18\byte-buddy-agent-1.14.18.jar)
WARNING: If a serviceability tool is in use, please run with -XX:+EnableDynamicAgentLoading to hide this warning
WARNING: If a serviceability tool is not in use, please run with -Djdk.instrument.traceUsage for more information
WARNING: Dynamic loading of agents will be disallowed by default in a future release
]]></system-err>
  </testcase>
</testsuite>